<?xml version="1.0" encoding="UTF-8"?>
<coverage generated="1770371574108" clover="3.2.0">
  <project timestamp="1770371574108" name="All files">
    <metrics statements="130" coveredstatements="105" conditionals="85" coveredconditionals="61" methods="14" coveredmethods="13" elements="229" coveredelements="179" complexity="0" loc="130" ncloc="130" packages="2" files="4" classes="4"/>
    <package name="src">
      <metrics statements="2" coveredstatements="2" conditionals="20" coveredconditionals="20" methods="0" coveredmethods="0"/>
      <file name="config.ts" path="/Users/robertsasu/RustProjects/agentic-payments/x402_integration/multiversx-openclaw-relayer/src/config.ts">
        <metrics statements="2" coveredstatements="2" conditionals="20" coveredconditionals="20" methods="0" coveredmethods="0"/>
        <line num="4" count="1" type="stmt"/>
        <line num="21" count="1" type="stmt"/>
      </file>
    </package>
    <package name="src.services">
      <metrics statements="128" coveredstatements="103" conditionals="65" coveredconditionals="41" methods="14" coveredmethods="13"/>
      <file name="ChallengeManager.ts" path="/Users/robertsasu/RustProjects/agentic-payments/x402_integration/multiversx-openclaw-relayer/src/services/ChallengeManager.ts">
        <metrics statements="29" coveredstatements="26" conditionals="14" coveredconditionals="9" methods="4" coveredmethods="4"/>
        <line num="13" count="7" type="stmt"/>
        <line num="21" count="7" type="stmt"/>
        <line num="22" count="7" type="stmt"/>
        <line num="26" count="2" type="stmt"/>
        <line num="27" count="2" type="stmt"/>
        <line num="29" count="2" type="stmt"/>
        <line num="37" count="2" type="stmt"/>
        <line num="38" count="2" type="stmt"/>
        <line num="42" count="85" type="stmt"/>
        <line num="43" count="85" type="cond" truecount="1" falsecount="1"/>
        <line num="45" count="85" type="cond" truecount="1" falsecount="1"/>
        <line num="46" count="0" type="stmt"/>
        <line num="47" count="0" type="stmt"/>
        <line num="50" count="85" type="stmt"/>
        <line num="51" count="85" type="stmt"/>
        <line num="53" count="85" type="cond" truecount="2" falsecount="0"/>
        <line num="54" count="84" type="stmt"/>
        <line num="57" count="84" type="stmt"/>
        <line num="60" count="1" type="stmt"/>
        <line num="61" count="1" type="stmt"/>
        <line num="62" count="1" type="stmt"/>
        <line num="69" count="85" type="stmt"/>
        <line num="70" count="85" type="stmt"/>
        <line num="73" count="85" type="stmt"/>
        <line num="74" count="0" type="cond" truecount="0" falsecount="2"/>
        <line num="78" count="85" type="cond" truecount="1" falsecount="1"/>
        <line num="79" count="85" type="stmt"/>
        <line num="82" count="85" type="cond" truecount="2" falsecount="0"/>
        <line num="85" count="1" type="stmt"/>
      </file>
      <file name="QuotaManager.ts" path="/Users/robertsasu/RustProjects/agentic-payments/x402_integration/multiversx-openclaw-relayer/src/services/QuotaManager.ts">
        <metrics statements="16" coveredstatements="14" conditionals="8" coveredconditionals="7" methods="4" coveredmethods="4"/>
        <line num="12" count="7" type="stmt"/>
        <line num="13" count="7" type="stmt"/>
        <line num="14" count="7" type="stmt"/>
        <line num="18" count="7" type="stmt"/>
        <line num="28" count="4" type="stmt"/>
        <line num="29" count="4" type="stmt"/>
        <line num="33" count="4" type="cond" truecount="2" falsecount="0"/>
        <line num="36" count="1" type="cond" truecount="1" falsecount="1"/>
        <line num="37" count="0" type="stmt"/>
        <line num="40" count="0" type="stmt"/>
        <line num="43" count="1" type="stmt"/>
        <line num="47" count="12" type="stmt"/>
        <line num="48" count="12" type="stmt"/>
        <line num="52" count="12" type="cond" truecount="2" falsecount="0"/>
        <line num="53" count="3" type="stmt"/>
        <line num="59" count="9" type="stmt"/>
      </file>
      <file name="RelayerService.ts" path="/Users/robertsasu/RustProjects/agentic-payments/x402_integration/multiversx-openclaw-relayer/src/services/RelayerService.ts">
        <metrics statements="83" coveredstatements="63" conditionals="43" coveredconditionals="25" methods="6" coveredmethods="5"/>
        <line num="54" count="7" type="stmt"/>
        <line num="55" count="7" type="stmt"/>
        <line num="56" count="7" type="stmt"/>
        <line num="57" count="7" type="stmt"/>
        <line num="58" count="7" type="stmt"/>
        <line num="62" count="0" type="stmt"/>
        <line num="66" count="4" type="stmt"/>
        <line num="67" count="4" type="stmt"/>
        <line num="68" count="4" type="stmt"/>
        <line num="70" count="4" type="stmt"/>
        <line num="71" count="4" type="stmt"/>
        <line num="72" count="4" type="stmt"/>
        <line num="74" count="4" type="stmt"/>
        <line num="76" count="0" type="stmt"/>
        <line num="77" count="0" type="stmt"/>
        <line num="82" count="3" type="cond" truecount="1" falsecount="1"/>
        <line num="83" count="0" type="stmt"/>
        <line num="84" count="0" type="stmt"/>
        <line num="87" count="3" type="stmt"/>
        <line num="88" count="3" type="stmt"/>
        <line num="92" count="3" type="stmt"/>
        <line num="93" count="3" type="stmt"/>
        <line num="99" count="3" type="stmt"/>
        <line num="103" count="3" type="cond" truecount="1" falsecount="1"/>
        <line num="105" count="3" type="cond" truecount="3" falsecount="1"/>
        <line num="106" count="0" type="stmt"/>
        <line num="109" count="0" type="stmt"/>
        <line num="114" count="3" type="stmt"/>
        <line num="115" count="3" type="cond" truecount="1" falsecount="1"/>
        <line num="117" count="3" type="stmt"/>
        <line num="118" count="3" type="stmt"/>
        <line num="120" count="0" type="stmt"/>
        <line num="121" count="0" type="stmt"/>
        <line num="129" count="4" type="stmt"/>
        <line num="130" count="4" type="stmt"/>
        <line num="133" count="4" type="cond" truecount="2" falsecount="0"/>
        <line num="134" count="1" type="stmt"/>
        <line num="135" count="1" type="stmt"/>
        <line num="139" count="3" type="stmt"/>
        <line num="140" count="3" type="stmt"/>
        <line num="142" count="3" type="cond" truecount="1" falsecount="1"/>
        <line num="143" count="3" type="stmt"/>
        <line num="145" count="0" type="stmt"/>
        <line num="148" count="0" type="cond" truecount="0" falsecount="2"/>
        <line num="152" count="0" type="stmt"/>
        <line num="153" count="0" type="stmt"/>
        <line num="157" count="0" type="stmt"/>
        <line num="161" count="3" type="cond" truecount="1" falsecount="1"/>
        <line num="162" count="0" type="stmt"/>
        <line num="166" count="3" type="stmt"/>
        <line num="169" count="3" type="stmt"/>
        <line num="173" count="3" type="cond" truecount="3" falsecount="1"/>
        <line num="174" count="0" type="stmt"/>
        <line num="179" count="3" type="cond" truecount="1" falsecount="1"/>
        <line num="180" count="0" type="stmt"/>
        <line num="185" count="3" type="stmt"/>
        <line num="186" count="3" type="stmt"/>
        <line num="191" count="3" type="stmt"/>
        <line num="192" count="3" type="stmt"/>
        <line num="193" count="3" type="stmt"/>
        <line num="194" count="3" type="stmt"/>
        <line num="196" count="13" type="cond" truecount="2" falsecount="0"/>
        <line num="200" count="3" type="stmt"/>
        <line num="201" count="4" type="stmt"/>
        <line num="203" count="4" type="cond" truecount="1" falsecount="1"/>
        <line num="205" count="4" type="cond" truecount="3" falsecount="0"/>
        <line num="207" count="4" type="cond" truecount="2" falsecount="0"/>
        <line num="209" count="1" type="cond" truecount="1" falsecount="2"/>
        <line num="210" count="1" type="stmt"/>
        <line num="211" count="1" type="stmt"/>
        <line num="213" count="2" type="stmt"/>
        <line num="215" count="1" type="cond" truecount="1" falsecount="1"/>
        <line num="216" count="1" type="stmt"/>
        <line num="217" count="1" type="stmt"/>
        <line num="221" count="2" type="stmt"/>
        <line num="222" count="2" type="stmt"/>
        <line num="223" count="2" type="stmt"/>
        <line num="224" count="2" type="stmt"/>
        <line num="225" count="2" type="stmt"/>
        <line num="226" count="2" type="stmt"/>
        <line num="228" count="0" type="cond" truecount="0" falsecount="2"/>
        <line num="229" count="0" type="stmt"/>
        <line num="230" count="0" type="stmt"/>
      </file>
    </package>
  </project>
</coverage>
