{"/Users/robertsasu/RustProjects/agentic-payments/x402_integration/multiversx-openclaw-relayer/src/config.ts": {"path":"/Users/robertsasu/RustProjects/agentic-payments/x402_integration/multiversx-openclaw-relayer/src/config.ts","statementMap":{"0":{"start":{"line":4,"column":0},"end":{"line":4,"column":null}},"1":{"start":{"line":21,"column":33},"end":{"line":35,"column":null}}},"fnMap":{},"branchMap":{"0":{"loc":{"start":{"line":23,"column":4},"end":{"line":23,"column":null}},"type":"binary-expr","locations":[{"start":{"line":23,"column":4},"end":{"line":23,"column":36}},{"start":{"line":23,"column":36},"end":{"line":23,"column":null}}],"line":23},"1":{"loc":{"start":{"line":24,"column":27},"end":{"line":24,"column":null}},"type":"binary-expr","locations":[{"start":{"line":24,"column":27},"end":{"line":24,"column":68}},{"start":{"line":24,"column":68},"end":{"line":24,"column":null}}],"line":24},"2":{"loc":{"start":{"line":25,"column":29},"end":{"line":25,"column":null}},"type":"binary-expr","locations":[{"start":{"line":25,"column":29},"end":{"line":25,"column":72}},{"start":{"line":25,"column":72},"end":{"line":25,"column":null}}],"line":25},"3":{"loc":{"start":{"line":26,"column":29},"end":{"line":26,"column":null}},"type":"binary-expr","locations":[{"start":{"line":26,"column":29},"end":{"line":26,"column":72}},{"start":{"line":26,"column":72},"end":{"line":26,"column":null}}],"line":26},"4":{"loc":{"start":{"line":27,"column":23},"end":{"line":27,"column":56}},"type":"binary-expr","locations":[{"start":{"line":27,"column":23},"end":{"line":27,"column":50}},{"start":{"line":27,"column":50},"end":{"line":27,"column":56}}],"line":27},"5":{"loc":{"start":{"line":28,"column":10},"end":{"line":28,"column":null}},"type":"binary-expr","locations":[{"start":{"line":28,"column":10},"end":{"line":28,"column":33}},{"start":{"line":28,"column":33},"end":{"line":28,"column":null}}],"line":28},"6":{"loc":{"start":{"line":29,"column":21},"end":{"line":29,"column":null}},"type":"binary-expr","locations":[{"start":{"line":29,"column":21},"end":{"line":29,"column":56}},{"start":{"line":29,"column":56},"end":{"line":29,"column":null}}],"line":29},"7":{"loc":{"start":{"line":30,"column":17},"end":{"line":30,"column":45}},"type":"binary-expr","locations":[{"start":{"line":30,"column":17},"end":{"line":30,"column":37}},{"start":{"line":30,"column":37},"end":{"line":30,"column":45}}],"line":30},"8":{"loc":{"start":{"line":31,"column":29},"end":{"line":31,"column":68}},"type":"binary-expr","locations":[{"start":{"line":31,"column":29},"end":{"line":31,"column":62}},{"start":{"line":31,"column":62},"end":{"line":31,"column":68}}],"line":31},"9":{"loc":{"start":{"line":32,"column":32},"end":{"line":32,"column":74}},"type":"binary-expr","locations":[{"start":{"line":32,"column":32},"end":{"line":32,"column":68}},{"start":{"line":32,"column":68},"end":{"line":32,"column":74}}],"line":32}},"s":{"0":4,"1":4},"f":{},"b":{"0":[4,3],"1":[4,4],"2":[4,4],"3":[4,4],"4":[4,3],"5":[4,3],"6":[4,4],"7":[4,4],"8":[4,4],"9":[4,4]},"meta":{"lastBranch":10,"lastFunction":0,"lastStatement":2,"seen":{"s:4:0:4:Infinity":0,"s:21:33:35:Infinity":1,"b:23:4:23:36:23:36:23:Infinity":0,"b:24:27:24:68:24:68:24:Infinity":1,"b:25:29:25:72:25:72:25:Infinity":2,"b:26:29:26:72:26:72:26:Infinity":3,"b:27:23:27:50:27:50:27:56":4,"b:28:10:28:33:28:33:28:Infinity":5,"b:29:21:29:56:29:56:29:Infinity":6,"b:30:17:30:37:30:37:30:45":7,"b:31:29:31:62:31:62:31:68":8,"b:32:32:32:68:32:68:32:74":9}}}
,"/Users/robertsasu/RustProjects/agentic-payments/x402_integration/multiversx-openclaw-relayer/src/api/server.ts": {"path":"/Users/robertsasu/RustProjects/agentic-payments/x402_integration/multiversx-openclaw-relayer/src/api/server.ts","statementMap":{"0":{"start":{"line":7,"column":25},"end":{"line":119,"column":null}},"1":{"start":{"line":11,"column":8},"end":{"line":11,"column":null}},"2":{"start":{"line":13,"column":2},"end":{"line":13,"column":null}},"3":{"start":{"line":14,"column":2},"end":{"line":14,"column":null}},"4":{"start":{"line":16,"column":2},"end":{"line":18,"column":null}},"5":{"start":{"line":17,"column":4},"end":{"line":17,"column":null}},"6":{"start":{"line":23,"column":2},"end":{"line":37,"column":null}},"7":{"start":{"line":24,"column":28},"end":{"line":24,"column":null}},"8":{"start":{"line":25,"column":4},"end":{"line":28,"column":null}},"9":{"start":{"line":26,"column":6},"end":{"line":26,"column":null}},"10":{"start":{"line":27,"column":6},"end":{"line":27,"column":null}},"11":{"start":{"line":30,"column":4},"end":{"line":36,"column":null}},"12":{"start":{"line":32,"column":8},"end":{"line":32,"column":null}},"13":{"start":{"line":33,"column":6},"end":{"line":33,"column":null}},"14":{"start":{"line":35,"column":6},"end":{"line":35,"column":null}},"15":{"start":{"line":44,"column":2},"end":{"line":61,"column":null}},"16":{"start":{"line":46,"column":4},"end":{"line":60,"column":null}},"17":{"start":{"line":55,"column":6},"end":{"line":57,"column":null}},"18":{"start":{"line":59,"column":6},"end":{"line":59,"column":null}},"19":{"start":{"line":67,"column":2},"end":{"line":76,"column":null}},"20":{"start":{"line":68,"column":24},"end":{"line":68,"column":null}},"21":{"start":{"line":69,"column":4},"end":{"line":72,"column":null}},"22":{"start":{"line":70,"column":6},"end":{"line":70,"column":null}},"23":{"start":{"line":71,"column":6},"end":{"line":71,"column":null}},"24":{"start":{"line":74,"column":22},"end":{"line":74,"column":null}},"25":{"start":{"line":75,"column":4},"end":{"line":75,"column":null}},"26":{"start":{"line":78,"column":2},"end":{"line":116,"column":null}},"27":{"start":{"line":79,"column":4},"end":{"line":115,"column":null}},"28":{"start":{"line":80,"column":46},"end":{"line":80,"column":null}},"29":{"start":{"line":82,"column":6},"end":{"line":85,"column":null}},"30":{"start":{"line":83,"column":8},"end":{"line":83,"column":null}},"31":{"start":{"line":84,"column":8},"end":{"line":84,"column":null}},"32":{"start":{"line":88,"column":6},"end":{"line":95,"column":null}},"33":{"start":{"line":89,"column":8},"end":{"line":89,"column":null}},"34":{"start":{"line":91,"column":8},"end":{"line":93,"column":null}},"35":{"start":{"line":94,"column":8},"end":{"line":94,"column":null}},"36":{"start":{"line":97,"column":21},"end":{"line":97,"column":null}},"37":{"start":{"line":98,"column":6},"end":{"line":98,"column":null}},"38":{"start":{"line":100,"column":6},"end":{"line":100,"column":null}},"39":{"start":{"line":101,"column":22},"end":{"line":101,"column":null}},"40":{"start":{"line":103,"column":6},"end":{"line":114,"column":null}},"41":{"start":{"line":104,"column":8},"end":{"line":104,"column":null}},"42":{"start":{"line":105,"column":6},"end":{"line":114,"column":null}},"43":{"start":{"line":109,"column":8},"end":{"line":109,"column":null}},"44":{"start":{"line":110,"column":6},"end":{"line":114,"column":null}},"45":{"start":{"line":111,"column":8},"end":{"line":111,"column":null}},"46":{"start":{"line":113,"column":8},"end":{"line":113,"column":null}},"47":{"start":{"line":118,"column":2},"end":{"line":118,"column":null}}},"fnMap":{"0":{"name":"(anonymous_0)","decl":{"start":{"line":7,"column":25},"end":{"line":7,"column":null}},"loc":{"start":{"line":10,"column":5},"end":{"line":119,"column":null}},"line":10},"1":{"name":"(anonymous_1)","decl":{"start":{"line":16,"column":21},"end":{"line":16,"column":22}},"loc":{"start":{"line":16,"column":35},"end":{"line":18,"column":3}},"line":16},"2":{"name":"(anonymous_2)","decl":{"start":{"line":23,"column":43},"end":{"line":23,"column":44}},"loc":{"start":{"line":23,"column":57},"end":{"line":37,"column":3}},"line":23},"3":{"name":"(anonymous_3)","decl":{"start":{"line":44,"column":21},"end":{"line":44,"column":22}},"loc":{"start":{"line":44,"column":35},"end":{"line":61,"column":3}},"line":44},"4":{"name":"(anonymous_4)","decl":{"start":{"line":67,"column":25},"end":{"line":67,"column":26}},"loc":{"start":{"line":67,"column":39},"end":{"line":76,"column":3}},"line":67},"5":{"name":"(anonymous_5)","decl":{"start":{"line":78,"column":21},"end":{"line":78,"column":28}},"loc":{"start":{"line":78,"column":41},"end":{"line":116,"column":3}},"line":78}},"branchMap":{"0":{"loc":{"start":{"line":25,"column":4},"end":{"line":28,"column":null}},"type":"if","locations":[{"start":{"line":25,"column":4},"end":{"line":28,"column":null}},{"start":{},"end":{}}],"line":25},"1":{"loc":{"start":{"line":69,"column":4},"end":{"line":72,"column":null}},"type":"if","locations":[{"start":{"line":69,"column":4},"end":{"line":72,"column":null}},{"start":{},"end":{}}],"line":69},"2":{"loc":{"start":{"line":82,"column":6},"end":{"line":85,"column":null}},"type":"if","locations":[{"start":{"line":82,"column":6},"end":{"line":85,"column":null}},{"start":{},"end":{}}],"line":82},"3":{"loc":{"start":{"line":101,"column":22},"end":{"line":101,"column":null}},"type":"binary-expr","locations":[{"start":{"line":101,"column":22},"end":{"line":101,"column":39}},{"start":{"line":101,"column":39},"end":{"line":101,"column":null}}],"line":101},"4":{"loc":{"start":{"line":103,"column":6},"end":{"line":114,"column":null}},"type":"if","locations":[{"start":{"line":103,"column":6},"end":{"line":114,"column":null}},{"start":{"line":105,"column":6},"end":{"line":114,"column":null}}],"line":103},"5":{"loc":{"start":{"line":105,"column":6},"end":{"line":114,"column":null}},"type":"if","locations":[{"start":{"line":105,"column":6},"end":{"line":114,"column":null}},{"start":{"line":110,"column":6},"end":{"line":114,"column":null}}],"line":105},"6":{"loc":{"start":{"line":106,"column":8},"end":{"line":107,"column":null}},"type":"binary-expr","locations":[{"start":{"line":106,"column":8},"end":{"line":106,"column":null}},{"start":{"line":107,"column":8},"end":{"line":107,"column":null}}],"line":106},"7":{"loc":{"start":{"line":110,"column":6},"end":{"line":114,"column":null}},"type":"if","locations":[{"start":{"line":110,"column":6},"end":{"line":114,"column":null}},{"start":{"line":112,"column":13},"end":{"line":114,"column":null}}],"line":110}},"s":{"0":1,"1":1,"2":1,"3":1,"4":1,"5":1,"6":1,"7":0,"8":0,"9":0,"10":0,"11":0,"12":0,"13":0,"14":0,"15":1,"16":0,"17":0,"18":0,"19":1,"20":1,"21":1,"22":0,"23":0,"24":1,"25":1,"26":1,"27":3,"28":3,"29":3,"30":1,"31":1,"32":2,"33":2,"34":0,"35":0,"36":2,"37":1,"38":1,"39":1,"40":1,"41":1,"42":0,"43":0,"44":0,"45":0,"46":0,"47":1},"f":{"0":1,"1":1,"2":0,"3":0,"4":1,"5":3},"b":{"0":[0,0],"1":[0,1],"2":[1,2],"3":[1,0],"4":[1,0],"5":[0,0],"6":[0,0],"7":[0,0]},"meta":{"lastBranch":8,"lastFunction":6,"lastStatement":48,"seen":{"s:7:25:119:Infinity":0,"f:7:25:7:Infinity":0,"s:11:8:11:Infinity":1,"s:13:2:13:Infinity":2,"s:14:2:14:Infinity":3,"s:16:2:18:Infinity":4,"f:16:21:16:22":1,"s:17:4:17:Infinity":5,"s:23:2:37:Infinity":6,"f:23:43:23:44":2,"s:24:28:24:Infinity":7,"b:25:4:28:Infinity:undefined:undefined:undefined:undefined":0,"s:25:4:28:Infinity":8,"s:26:6:26:Infinity":9,"s:27:6:27:Infinity":10,"s:30:4:36:Infinity":11,"s:32:8:32:Infinity":12,"s:33:6:33:Infinity":13,"s:35:6:35:Infinity":14,"s:44:2:61:Infinity":15,"f:44:21:44:22":3,"s:46:4:60:Infinity":16,"s:55:6:57:Infinity":17,"s:59:6:59:Infinity":18,"s:67:2:76:Infinity":19,"f:67:25:67:26":4,"s:68:24:68:Infinity":20,"b:69:4:72:Infinity:undefined:undefined:undefined:undefined":1,"s:69:4:72:Infinity":21,"s:70:6:70:Infinity":22,"s:71:6:71:Infinity":23,"s:74:22:74:Infinity":24,"s:75:4:75:Infinity":25,"s:78:2:116:Infinity":26,"f:78:21:78:28":5,"s:79:4:115:Infinity":27,"s:80:46:80:Infinity":28,"b:82:6:85:Infinity:undefined:undefined:undefined:undefined":2,"s:82:6:85:Infinity":29,"s:83:8:83:Infinity":30,"s:84:8:84:Infinity":31,"s:88:6:95:Infinity":32,"s:89:8:89:Infinity":33,"s:91:8:93:Infinity":34,"s:94:8:94:Infinity":35,"s:97:21:97:Infinity":36,"s:98:6:98:Infinity":37,"s:100:6:100:Infinity":38,"s:101:22:101:Infinity":39,"b:101:22:101:39:101:39:101:Infinity":3,"b:103:6:114:Infinity:105:6:114:Infinity":4,"s:103:6:114:Infinity":40,"s:104:8:104:Infinity":41,"b:105:6:114:Infinity:110:6:114:Infinity":5,"s:105:6:114:Infinity":42,"b:106:8:106:Infinity:107:8:107:Infinity":6,"s:109:8:109:Infinity":43,"b:110:6:114:Infinity:112:13:114:Infinity":7,"s:110:6:114:Infinity":44,"s:111:8:111:Infinity":45,"s:113:8:113:Infinity":46,"s:118:2:118:Infinity":47}}}
,"/Users/robertsasu/RustProjects/agentic-payments/x402_integration/multiversx-openclaw-relayer/src/services/ChallengeManager.ts": {"path":"/Users/robertsasu/RustProjects/agentic-payments/x402_integration/multiversx-openclaw-relayer/src/services/ChallengeManager.ts","statementMap":{"0":{"start":{"line":13,"column":47},"end":{"line":13,"column":null}},"1":{"start":{"line":21,"column":4},"end":{"line":21,"column":null}},"2":{"start":{"line":22,"column":4},"end":{"line":22,"column":null}},"3":{"start":{"line":26,"column":10},"end":{"line":26,"column":null}},"4":{"start":{"line":27,"column":22},"end":{"line":27,"column":null}},"5":{"start":{"line":29,"column":33},"end":{"line":35,"column":null}},"6":{"start":{"line":37,"column":4},"end":{"line":37,"column":null}},"7":{"start":{"line":38,"column":4},"end":{"line":38,"column":null}},"8":{"start":{"line":42,"column":22},"end":{"line":42,"column":null}},"9":{"start":{"line":43,"column":4},"end":{"line":43,"column":null}},"10":{"start":{"line":43,"column":20},"end":{"line":43,"column":null}},"11":{"start":{"line":45,"column":4},"end":{"line":48,"column":null}},"12":{"start":{"line":46,"column":6},"end":{"line":46,"column":null}},"13":{"start":{"line":47,"column":6},"end":{"line":47,"column":null}},"14":{"start":{"line":50,"column":17},"end":{"line":50,"column":null}},"15":{"start":{"line":51,"column":10},"end":{"line":51,"column":null}},"16":{"start":{"line":53,"column":4},"end":{"line":55,"column":null}},"17":{"start":{"line":54,"column":6},"end":{"line":54,"column":null}},"18":{"start":{"line":57,"column":4},"end":{"line":57,"column":null}},"19":{"start":{"line":58,"column":4},"end":{"line":58,"column":null}},"20":{"start":{"line":65,"column":22},"end":{"line":65,"column":null}},"21":{"start":{"line":66,"column":26},"end":{"line":66,"column":null}},"22":{"start":{"line":69,"column":4},"end":{"line":71,"column":null}},"23":{"start":{"line":69,"column":17},"end":{"line":69,"column":20}},"24":{"start":{"line":70,"column":6},"end":{"line":70,"column":null}},"25":{"start":{"line":70,"column":25},"end":{"line":70,"column":null}},"26":{"start":{"line":74,"column":4},"end":{"line":79,"column":null}},"27":{"start":{"line":75,"column":23},"end":{"line":75,"column":null}},"28":{"start":{"line":78,"column":6},"end":{"line":78,"column":null}},"29":{"start":{"line":78,"column":48},"end":{"line":78,"column":null}},"30":{"start":{"line":81,"column":4},"end":{"line":81,"column":null}}},"fnMap":{"0":{"name":"(anonymous_0)","decl":{"start":{"line":17,"column":2},"end":{"line":17,"column":null}},"loc":{"start":{"line":20,"column":4},"end":{"line":23,"column":null}},"line":20},"1":{"name":"(anonymous_1)","decl":{"start":{"line":25,"column":2},"end":{"line":25,"column":15}},"loc":{"start":{"line":25,"column":43},"end":{"line":39,"column":null}},"line":25},"2":{"name":"(anonymous_2)","decl":{"start":{"line":41,"column":2},"end":{"line":41,"column":17}},"loc":{"start":{"line":41,"column":58},"end":{"line":59,"column":null}},"line":41},"3":{"name":"(anonymous_3)","decl":{"start":{"line":64,"column":10},"end":{"line":64,"column":26}},"loc":{"start":{"line":64,"column":69},"end":{"line":82,"column":null}},"line":64}},"branchMap":{"0":{"loc":{"start":{"line":18,"column":4},"end":{"line":18,"column":null}},"type":"default-arg","locations":[{"start":{"line":18,"column":25},"end":{"line":18,"column":null}}],"line":18},"1":{"loc":{"start":{"line":19,"column":4},"end":{"line":19,"column":null}},"type":"default-arg","locations":[{"start":{"line":19,"column":29},"end":{"line":19,"column":null}}],"line":19},"2":{"loc":{"start":{"line":43,"column":4},"end":{"line":43,"column":null}},"type":"if","locations":[{"start":{"line":43,"column":4},"end":{"line":43,"column":null}},{"start":{},"end":{}}],"line":43},"3":{"loc":{"start":{"line":45,"column":4},"end":{"line":48,"column":null}},"type":"if","locations":[{"start":{"line":45,"column":4},"end":{"line":48,"column":null}},{"start":{},"end":{}}],"line":45},"4":{"loc":{"start":{"line":53,"column":4},"end":{"line":55,"column":null}},"type":"if","locations":[{"start":{"line":53,"column":4},"end":{"line":55,"column":null}},{"start":{},"end":{}}],"line":53},"5":{"loc":{"start":{"line":70,"column":6},"end":{"line":70,"column":null}},"type":"if","locations":[{"start":{"line":70,"column":6},"end":{"line":70,"column":null}},{"start":{},"end":{}}],"line":70},"6":{"loc":{"start":{"line":74,"column":4},"end":{"line":79,"column":null}},"type":"if","locations":[{"start":{"line":74,"column":4},"end":{"line":79,"column":null}},{"start":{},"end":{}}],"line":74},"7":{"loc":{"start":{"line":78,"column":6},"end":{"line":78,"column":null}},"type":"if","locations":[{"start":{"line":78,"column":6},"end":{"line":78,"column":null}},{"start":{},"end":{}}],"line":78}},"s":{"0":5,"1":5,"2":5,"3":2,"4":2,"5":2,"6":2,"7":2,"8":3,"9":3,"10":0,"11":3,"12":0,"13":0,"14":3,"15":3,"16":3,"17":2,"18":1,"19":1,"20":3,"21":3,"22":3,"23":3,"24":0,"25":0,"26":3,"27":3,"28":3,"29":2,"30":1},"f":{"0":5,"1":2,"2":3,"3":3},"b":{"0":[5],"1":[5],"2":[0,3],"3":[0,3],"4":[2,1],"5":[0,0],"6":[3,0],"7":[2,1]},"meta":{"lastBranch":8,"lastFunction":4,"lastStatement":31,"seen":{"s:13:47:13:Infinity":0,"f:17:2:17:Infinity":0,"b:18:25:18:Infinity":0,"b:19:29:19:Infinity":1,"s:21:4:21:Infinity":1,"s:22:4:22:Infinity":2,"f:25:2:25:15":1,"s:26:10:26:Infinity":3,"s:27:22:27:Infinity":4,"s:29:33:35:Infinity":5,"s:37:4:37:Infinity":6,"s:38:4:38:Infinity":7,"f:41:2:41:17":2,"s:42:22:42:Infinity":8,"b:43:4:43:Infinity:undefined:undefined:undefined:undefined":2,"s:43:4:43:Infinity":9,"s:43:20:43:Infinity":10,"b:45:4:48:Infinity:undefined:undefined:undefined:undefined":3,"s:45:4:48:Infinity":11,"s:46:6:46:Infinity":12,"s:47:6:47:Infinity":13,"s:50:17:50:Infinity":14,"s:51:10:51:Infinity":15,"b:53:4:55:Infinity:undefined:undefined:undefined:undefined":4,"s:53:4:55:Infinity":16,"s:54:6:54:Infinity":17,"s:57:4:57:Infinity":18,"s:58:4:58:Infinity":19,"f:64:10:64:26":3,"s:65:22:65:Infinity":20,"s:66:26:66:Infinity":21,"s:69:4:71:Infinity":22,"s:69:17:69:20":23,"b:70:6:70:Infinity:undefined:undefined:undefined:undefined":5,"s:70:6:70:Infinity":24,"s:70:25:70:Infinity":25,"b:74:4:79:Infinity:undefined:undefined:undefined:undefined":6,"s:74:4:79:Infinity":26,"s:75:23:75:Infinity":27,"b:78:6:78:Infinity:undefined:undefined:undefined:undefined":7,"s:78:6:78:Infinity":28,"s:78:48:78:Infinity":29,"s:81:4:81:Infinity":30}}}
,"/Users/robertsasu/RustProjects/agentic-payments/x402_integration/multiversx-openclaw-relayer/src/services/QuotaManager.ts": {"path":"/Users/robertsasu/RustProjects/agentic-payments/x402_integration/multiversx-openclaw-relayer/src/services/QuotaManager.ts","statementMap":{"0":{"start":{"line":12,"column":4},"end":{"line":12,"column":null}},"1":{"start":{"line":13,"column":4},"end":{"line":13,"column":null}},"2":{"start":{"line":14,"column":4},"end":{"line":14,"column":null}},"3":{"start":{"line":18,"column":4},"end":{"line":24,"column":null}},"4":{"start":{"line":28,"column":16},"end":{"line":28,"column":null}},"5":{"start":{"line":29,"column":16},"end":{"line":31,"column":null}},"6":{"start":{"line":33,"column":4},"end":{"line":33,"column":null}},"7":{"start":{"line":33,"column":14},"end":{"line":33,"column":null}},"8":{"start":{"line":36,"column":4},"end":{"line":41,"column":null}},"9":{"start":{"line":37,"column":6},"end":{"line":39,"column":null}},"10":{"start":{"line":40,"column":6},"end":{"line":40,"column":null}},"11":{"start":{"line":43,"column":4},"end":{"line":43,"column":null}},"12":{"start":{"line":47,"column":16},"end":{"line":47,"column":null}},"13":{"start":{"line":48,"column":16},"end":{"line":50,"column":null}},"14":{"start":{"line":52,"column":4},"end":{"line":62,"column":null}},"15":{"start":{"line":53,"column":6},"end":{"line":57,"column":null}},"16":{"start":{"line":59,"column":6},"end":{"line":61,"column":null}}},"fnMap":{"0":{"name":"(anonymous_0)","decl":{"start":{"line":8,"column":2},"end":{"line":8,"column":null}},"loc":{"start":{"line":11,"column":4},"end":{"line":15,"column":null}},"line":11},"1":{"name":"(anonymous_1)","decl":{"start":{"line":17,"column":10},"end":{"line":17,"column":17}},"loc":{"start":{"line":17,"column":17},"end":{"line":25,"column":null}},"line":17},"2":{"name":"(anonymous_2)","decl":{"start":{"line":27,"column":2},"end":{"line":27,"column":13}},"loc":{"start":{"line":27,"column":39},"end":{"line":44,"column":null}},"line":27},"3":{"name":"(anonymous_3)","decl":{"start":{"line":46,"column":2},"end":{"line":46,"column":17}},"loc":{"start":{"line":46,"column":40},"end":{"line":63,"column":null}},"line":46}},"branchMap":{"0":{"loc":{"start":{"line":9,"column":4},"end":{"line":9,"column":null}},"type":"default-arg","locations":[{"start":{"line":9,"column":21},"end":{"line":9,"column":null}}],"line":9},"1":{"loc":{"start":{"line":10,"column":4},"end":{"line":10,"column":null}},"type":"default-arg","locations":[{"start":{"line":10,"column":20},"end":{"line":10,"column":null}}],"line":10},"2":{"loc":{"start":{"line":33,"column":4},"end":{"line":33,"column":null}},"type":"if","locations":[{"start":{"line":33,"column":4},"end":{"line":33,"column":null}},{"start":{},"end":{}}],"line":33},"3":{"loc":{"start":{"line":36,"column":4},"end":{"line":41,"column":null}},"type":"if","locations":[{"start":{"line":36,"column":4},"end":{"line":41,"column":null}},{"start":{},"end":{}}],"line":36},"4":{"loc":{"start":{"line":52,"column":4},"end":{"line":62,"column":null}},"type":"if","locations":[{"start":{"line":52,"column":4},"end":{"line":62,"column":null}},{"start":{"line":58,"column":11},"end":{"line":62,"column":null}}],"line":52}},"s":{"0":8,"1":8,"2":8,"3":8,"4":4,"5":4,"6":4,"7":3,"8":1,"9":0,"10":0,"11":1,"12":13,"13":13,"14":13,"15":4,"16":9},"f":{"0":8,"1":8,"2":4,"3":13},"b":{"0":[8],"1":[8],"2":[3,1],"3":[0,1],"4":[4,9]},"meta":{"lastBranch":5,"lastFunction":4,"lastStatement":17,"seen":{"f:8:2:8:Infinity":0,"b:9:21:9:Infinity":0,"b:10:20:10:Infinity":1,"s:12:4:12:Infinity":0,"s:13:4:13:Infinity":1,"s:14:4:14:Infinity":2,"f:17:10:17:17":1,"s:18:4:24:Infinity":3,"f:27:2:27:13":2,"s:28:16:28:Infinity":4,"s:29:16:31:Infinity":5,"b:33:4:33:Infinity:undefined:undefined:undefined:undefined":2,"s:33:4:33:Infinity":6,"s:33:14:33:Infinity":7,"b:36:4:41:Infinity:undefined:undefined:undefined:undefined":3,"s:36:4:41:Infinity":8,"s:37:6:39:Infinity":9,"s:40:6:40:Infinity":10,"s:43:4:43:Infinity":11,"f:46:2:46:17":3,"s:47:16:47:Infinity":12,"s:48:16:50:Infinity":13,"b:52:4:62:Infinity:58:11:62:Infinity":4,"s:52:4:62:Infinity":14,"s:53:6:57:Infinity":15,"s:59:6:61:Infinity":16}}}
,"/Users/robertsasu/RustProjects/agentic-payments/x402_integration/multiversx-openclaw-relayer/src/services/RelayerService.ts": {"path":"/Users/robertsasu/RustProjects/agentic-payments/x402_integration/multiversx-openclaw-relayer/src/services/RelayerService.ts","statementMap":{"0":{"start":{"line":54,"column":8},"end":{"line":54,"column":null}},"1":{"start":{"line":55,"column":8},"end":{"line":55,"column":null}},"2":{"start":{"line":56,"column":8},"end":{"line":56,"column":null}},"3":{"start":{"line":57,"column":8},"end":{"line":57,"column":null}},"4":{"start":{"line":58,"column":8},"end":{"line":58,"column":null}},"5":{"start":{"line":62,"column":8},"end":{"line":62,"column":null}},"6":{"start":{"line":66,"column":8},"end":{"line":78,"column":null}},"7":{"start":{"line":67,"column":30},"end":{"line":67,"column":null}},"8":{"start":{"line":68,"column":29},"end":{"line":68,"column":null}},"9":{"start":{"line":70,"column":29},"end":{"line":70,"column":null}},"10":{"start":{"line":71,"column":28},"end":{"line":71,"column":null}},"11":{"start":{"line":72,"column":28},"end":{"line":72,"column":null}},"12":{"start":{"line":74,"column":12},"end":{"line":74,"column":null}},"13":{"start":{"line":76,"column":12},"end":{"line":76,"column":null}},"14":{"start":{"line":77,"column":12},"end":{"line":77,"column":null}},"15":{"start":{"line":82,"column":8},"end":{"line":82,"column":null}},"16":{"start":{"line":82,"column":49},"end":{"line":82,"column":null}},"17":{"start":{"line":85,"column":33},"end":{"line":85,"column":null}},"18":{"start":{"line":86,"column":8},"end":{"line":100,"column":null}},"19":{"start":{"line":87,"column":26},"end":{"line":91,"column":null}},"20":{"start":{"line":93,"column":34},"end":{"line":93,"column":null}},"21":{"start":{"line":94,"column":31},"end":{"line":94,"column":null}},"22":{"start":{"line":95,"column":33},"end":{"line":95,"column":null}},"23":{"start":{"line":97,"column":12},"end":{"line":97,"column":null}},"24":{"start":{"line":97,"column":30},"end":{"line":97,"column":null}},"25":{"start":{"line":99,"column":12},"end":{"line":99,"column":null}},"26":{"start":{"line":105,"column":8},"end":{"line":105,"column":null}},"27":{"start":{"line":112,"column":23},"end":{"line":112,"column":null}},"28":{"start":{"line":115,"column":8},"end":{"line":117,"column":null}},"29":{"start":{"line":116,"column":12},"end":{"line":116,"column":null}},"30":{"start":{"line":121,"column":29},"end":{"line":121,"column":null}},"31":{"start":{"line":123,"column":8},"end":{"line":137,"column":null}},"32":{"start":{"line":129,"column":12},"end":{"line":136,"column":null}},"33":{"start":{"line":133,"column":16},"end":{"line":135,"column":null}},"34":{"start":{"line":140,"column":8},"end":{"line":142,"column":null}},"35":{"start":{"line":141,"column":12},"end":{"line":141,"column":null}},"36":{"start":{"line":145,"column":30},"end":{"line":147,"column":null}},"37":{"start":{"line":148,"column":31},"end":{"line":148,"column":null}},"38":{"start":{"line":152,"column":8},"end":{"line":156,"column":null}},"39":{"start":{"line":153,"column":12},"end":{"line":155,"column":null}},"40":{"start":{"line":158,"column":8},"end":{"line":162,"column":null}},"41":{"start":{"line":159,"column":12},"end":{"line":161,"column":null}},"42":{"start":{"line":164,"column":25},"end":{"line":164,"column":null}},"43":{"start":{"line":165,"column":8},"end":{"line":167,"column":null}},"44":{"start":{"line":170,"column":8},"end":{"line":189,"column":null}},"45":{"start":{"line":171,"column":37},"end":{"line":171,"column":null}},"46":{"start":{"line":174,"column":37},"end":{"line":174,"column":null}},"47":{"start":{"line":175,"column":34},"end":{"line":175,"column":null}},"48":{"start":{"line":177,"column":16},"end":{"line":177,"column":null}},"49":{"start":{"line":179,"column":16},"end":{"line":179,"column":null}},"50":{"start":{"line":181,"column":12},"end":{"line":185,"column":null}},"51":{"start":{"line":183,"column":20},"end":{"line":183,"column":null}},"52":{"start":{"line":184,"column":16},"end":{"line":184,"column":null}},"53":{"start":{"line":187,"column":12},"end":{"line":187,"column":null}},"54":{"start":{"line":188,"column":12},"end":{"line":188,"column":null}},"55":{"start":{"line":192,"column":8},"end":{"line":199,"column":null}},"56":{"start":{"line":193,"column":25},"end":{"line":193,"column":null}},"57":{"start":{"line":194,"column":12},"end":{"line":194,"column":null}},"58":{"start":{"line":195,"column":12},"end":{"line":195,"column":null}},"59":{"start":{"line":197,"column":12},"end":{"line":197,"column":null}},"60":{"start":{"line":198,"column":12},"end":{"line":198,"column":null}}},"fnMap":{"0":{"name":"(anonymous_0)","decl":{"start":{"line":47,"column":4},"end":{"line":47,"column":null}},"loc":{"start":{"line":53,"column":6},"end":{"line":59,"column":null}},"line":53},"1":{"name":"(anonymous_1)","decl":{"start":{"line":61,"column":11},"end":{"line":61,"column":36}},"loc":{"start":{"line":61,"column":65},"end":{"line":63,"column":null}},"line":61},"2":{"name":"(anonymous_2)","decl":{"start":{"line":65,"column":10},"end":{"line":65,"column":30}},"loc":{"start":{"line":65,"column":65},"end":{"line":79,"column":null}},"line":65},"3":{"name":"(anonymous_3)","decl":{"start":{"line":81,"column":10},"end":{"line":81,"column":23}},"loc":{"start":{"line":81,"column":59},"end":{"line":106,"column":null}},"line":81},"4":{"name":"(anonymous_4)","decl":{"start":{"line":108,"column":10},"end":{"line":108,"column":null}},"loc":{"start":{"line":111,"column":23},"end":{"line":200,"column":null}},"line":111}},"branchMap":{"0":{"loc":{"start":{"line":52,"column":8},"end":{"line":52,"column":null}},"type":"default-arg","locations":[{"start":{"line":52,"column":38},"end":{"line":52,"column":null}}],"line":52},"1":{"loc":{"start":{"line":82,"column":8},"end":{"line":82,"column":null}},"type":"if","locations":[{"start":{"line":82,"column":8},"end":{"line":82,"column":null}},{"start":{},"end":{}}],"line":82},"2":{"loc":{"start":{"line":95,"column":33},"end":{"line":95,"column":null}},"type":"binary-expr","locations":[{"start":{"line":95,"column":33},"end":{"line":95,"column":47}},{"start":{"line":95,"column":47},"end":{"line":95,"column":null}}],"line":95},"3":{"loc":{"start":{"line":97,"column":12},"end":{"line":97,"column":null}},"type":"if","locations":[{"start":{"line":97,"column":12},"end":{"line":97,"column":null}},{"start":{},"end":{}}],"line":97},"4":{"loc":{"start":{"line":115,"column":8},"end":{"line":117,"column":null}},"type":"if","locations":[{"start":{"line":115,"column":8},"end":{"line":117,"column":null}},{"start":{},"end":{}}],"line":115},"5":{"loc":{"start":{"line":123,"column":8},"end":{"line":137,"column":null}},"type":"if","locations":[{"start":{"line":123,"column":8},"end":{"line":137,"column":null}},{"start":{"line":127,"column":13},"end":{"line":137,"column":null}}],"line":123},"6":{"loc":{"start":{"line":129,"column":12},"end":{"line":136,"column":null}},"type":"if","locations":[{"start":{"line":129,"column":12},"end":{"line":136,"column":null}},{"start":{},"end":{}}],"line":129},"7":{"loc":{"start":{"line":130,"column":16},"end":{"line":131,"column":null}},"type":"binary-expr","locations":[{"start":{"line":130,"column":16},"end":{"line":130,"column":null}},{"start":{"line":131,"column":16},"end":{"line":131,"column":null}}],"line":130},"8":{"loc":{"start":{"line":140,"column":8},"end":{"line":142,"column":null}},"type":"if","locations":[{"start":{"line":140,"column":8},"end":{"line":142,"column":null}},{"start":{},"end":{}}],"line":140},"9":{"loc":{"start":{"line":152,"column":8},"end":{"line":156,"column":null}},"type":"if","locations":[{"start":{"line":152,"column":8},"end":{"line":156,"column":null}},{"start":{},"end":{}}],"line":152},"10":{"loc":{"start":{"line":152,"column":12},"end":{"line":152,"column":78}},"type":"binary-expr","locations":[{"start":{"line":152,"column":12},"end":{"line":152,"column":27}},{"start":{"line":152,"column":27},"end":{"line":152,"column":78}}],"line":152},"11":{"loc":{"start":{"line":158,"column":8},"end":{"line":162,"column":null}},"type":"if","locations":[{"start":{"line":158,"column":8},"end":{"line":162,"column":null}},{"start":{},"end":{}}],"line":158},"12":{"loc":{"start":{"line":177,"column":16},"end":{"line":177,"column":null}},"type":"binary-expr","locations":[{"start":{"line":177,"column":16},"end":{"line":177,"column":47}},{"start":{"line":177,"column":47},"end":{"line":177,"column":null}}],"line":177},"13":{"loc":{"start":{"line":179,"column":16},"end":{"line":179,"column":null}},"type":"binary-expr","locations":[{"start":{"line":179,"column":16},"end":{"line":179,"column":36}},{"start":{"line":179,"column":36},"end":{"line":179,"column":53}},{"start":{"line":179,"column":53},"end":{"line":179,"column":null}}],"line":179},"14":{"loc":{"start":{"line":181,"column":12},"end":{"line":185,"column":null}},"type":"if","locations":[{"start":{"line":181,"column":12},"end":{"line":185,"column":null}},{"start":{},"end":{}}],"line":181},"15":{"loc":{"start":{"line":183,"column":20},"end":{"line":183,"column":null}},"type":"binary-expr","locations":[{"start":{"line":183,"column":20},"end":{"line":183,"column":42}},{"start":{"line":183,"column":42},"end":{"line":183,"column":69}},{"start":{"line":183,"column":69},"end":{"line":183,"column":null}}],"line":183}},"s":{"0":5,"1":5,"2":5,"3":5,"4":5,"5":0,"6":3,"7":3,"8":3,"9":3,"10":3,"11":3,"12":3,"13":0,"14":0,"15":2,"16":0,"17":2,"18":2,"19":2,"20":2,"21":2,"22":2,"23":2,"24":2,"25":0,"26":0,"27":3,"28":3,"29":1,"30":2,"31":2,"32":0,"33":0,"34":2,"35":0,"36":2,"37":2,"38":2,"39":0,"40":2,"41":0,"42":2,"43":2,"44":2,"45":2,"46":2,"47":3,"48":3,"49":3,"50":3,"51":0,"52":0,"53":0,"54":0,"55":2,"56":2,"57":2,"58":2,"59":0,"60":0},"f":{"0":5,"1":0,"2":3,"3":2,"4":3},"b":{"0":[5],"1":[0,2],"2":[2,2],"3":[2,0],"4":[1,2],"5":[2,0],"6":[0,0],"7":[0,0],"8":[0,2],"9":[0,2],"10":[2,2],"11":[0,2],"12":[3,0],"13":[3,2,2],"14":[0,3],"15":[0,0,0]},"meta":{"lastBranch":16,"lastFunction":5,"lastStatement":61,"seen":{"f:47:4:47:Infinity":0,"b:52:38:52:Infinity":0,"s:54:8:54:Infinity":0,"s:55:8:55:Infinity":1,"s:56:8:56:Infinity":2,"s:57:8:57:Infinity":3,"s:58:8:58:Infinity":4,"f:61:11:61:36":1,"s:62:8:62:Infinity":5,"f:65:10:65:30":2,"s:66:8:78:Infinity":6,"s:67:30:67:Infinity":7,"s:68:29:68:Infinity":8,"s:70:29:70:Infinity":9,"s:71:28:71:Infinity":10,"s:72:28:72:Infinity":11,"s:74:12:74:Infinity":12,"s:76:12:76:Infinity":13,"s:77:12:77:Infinity":14,"f:81:10:81:23":3,"b:82:8:82:Infinity:undefined:undefined:undefined:undefined":1,"s:82:8:82:Infinity":15,"s:82:49:82:Infinity":16,"s:85:33:85:Infinity":17,"s:86:8:100:Infinity":18,"s:87:26:91:Infinity":19,"s:93:34:93:Infinity":20,"s:94:31:94:Infinity":21,"s:95:33:95:Infinity":22,"b:95:33:95:47:95:47:95:Infinity":2,"b:97:12:97:Infinity:undefined:undefined:undefined:undefined":3,"s:97:12:97:Infinity":23,"s:97:30:97:Infinity":24,"s:99:12:99:Infinity":25,"s:105:8:105:Infinity":26,"f:108:10:108:Infinity":4,"s:112:23:112:Infinity":27,"b:115:8:117:Infinity:undefined:undefined:undefined:undefined":4,"s:115:8:117:Infinity":28,"s:116:12:116:Infinity":29,"s:121:29:121:Infinity":30,"b:123:8:137:Infinity:127:13:137:Infinity":5,"s:123:8:137:Infinity":31,"b:129:12:136:Infinity:undefined:undefined:undefined:undefined":6,"s:129:12:136:Infinity":32,"b:130:16:130:Infinity:131:16:131:Infinity":7,"s:133:16:135:Infinity":33,"b:140:8:142:Infinity:undefined:undefined:undefined:undefined":8,"s:140:8:142:Infinity":34,"s:141:12:141:Infinity":35,"s:145:30:147:Infinity":36,"s:148:31:148:Infinity":37,"b:152:8:156:Infinity:undefined:undefined:undefined:undefined":9,"s:152:8:156:Infinity":38,"b:152:12:152:27:152:27:152:78":10,"s:153:12:155:Infinity":39,"b:158:8:162:Infinity:undefined:undefined:undefined:undefined":11,"s:158:8:162:Infinity":40,"s:159:12:161:Infinity":41,"s:164:25:164:Infinity":42,"s:165:8:167:Infinity":43,"s:170:8:189:Infinity":44,"s:171:37:171:Infinity":45,"s:174:37:174:Infinity":46,"s:175:34:175:Infinity":47,"s:177:16:177:Infinity":48,"b:177:16:177:47:177:47:177:Infinity":12,"s:179:16:179:Infinity":49,"b:179:16:179:36:179:36:179:53:179:53:179:Infinity":13,"b:181:12:185:Infinity:undefined:undefined:undefined:undefined":14,"s:181:12:185:Infinity":50,"s:183:20:183:Infinity":51,"b:183:20:183:42:183:42:183:69:183:69:183:Infinity":15,"s:184:16:184:Infinity":52,"s:187:12:187:Infinity":53,"s:188:12:188:Infinity":54,"s:192:8:199:Infinity":55,"s:193:25:193:Infinity":56,"s:194:12:194:Infinity":57,"s:195:12:195:Infinity":58,"s:197:12:197:Infinity":59,"s:198:12:198:Infinity":60}}}
}
